0 info it worked if it ends with ok
1 verbose cli [ 'C:\\Program Files (x86)\\Microsoft Visual Studio\\2017\\Community\\Web\\External\\Node.exe',
1 verbose cli   'C:\\Program Files (x86)\\Microsoft Visual Studio\\2017\\Community\\Web\\External\\node_modules\\npm\\bin\\npm-cli.js',
1 verbose cli   'install' ]
2 info using npm@3.3.4
3 info using node@v5.4.1
4 silly loadCurrentTree Starting
5 silly install loadCurrentTree
6 silly install readLocalPackageData
7 silly install normalizeTree
8 silly loadCurrentTree Finishing
9 silly loadIdealTree Starting
10 silly install loadIdealTree
11 silly cloneCurrentTree Starting
12 silly install cloneCurrentTreeToIdealTree
13 silly cloneCurrentTree Finishing
14 silly loadShrinkwrap Starting
15 silly install loadShrinkwrap
16 silly loadShrinkwrap Finishing
17 silly loadAllDepsIntoIdealTree Starting
18 silly install loadAllDepsIntoIdealTree
19 silly fetchNamedPackageData font-awesome
20 silly mapToRegistry name font-awesome
21 silly mapToRegistry using default registry
22 silly mapToRegistry registry https://registry.npmjs.org/
23 silly mapToRegistry uri https://registry.npmjs.org/font-awesome
24 silly fetchNamedPackageData bootstrap-sass
25 silly mapToRegistry name bootstrap-sass
26 silly mapToRegistry using default registry
27 silly mapToRegistry registry https://registry.npmjs.org/
28 silly mapToRegistry uri https://registry.npmjs.org/bootstrap-sass
29 silly fetchNamedPackageData breakpoint-sass
30 silly mapToRegistry name breakpoint-sass
31 silly mapToRegistry using default registry
32 silly mapToRegistry registry https://registry.npmjs.org/
33 silly mapToRegistry uri https://registry.npmjs.org/breakpoint-sass
34 silly fetchNamedPackageData sass-flex-mixin
35 silly mapToRegistry name sass-flex-mixin
36 silly mapToRegistry using default registry
37 silly mapToRegistry registry https://registry.npmjs.org/
38 silly mapToRegistry uri https://registry.npmjs.org/sass-flex-mixin
39 silly fetchNamedPackageData devicon
40 silly mapToRegistry name devicon
41 silly mapToRegistry using default registry
42 silly mapToRegistry registry https://registry.npmjs.org/
43 silly mapToRegistry uri https://registry.npmjs.org/devicon
44 silly fetchNamedPackageData bootstrap
45 silly mapToRegistry name bootstrap
46 silly mapToRegistry using default registry
47 silly mapToRegistry registry https://registry.npmjs.org/
48 silly mapToRegistry uri https://registry.npmjs.org/bootstrap
49 verbose request uri https://registry.npmjs.org/font-awesome
50 verbose request no auth needed
51 info attempt registry request try #1 at 4:22:09 PM
52 verbose request id 6a76fa253d06adcf
53 verbose etag W/"59bbd2ad-57be"
54 verbose lastModified Fri, 15 Sep 2017 13:16:29 GMT
55 http request GET https://registry.npmjs.org/font-awesome
56 verbose request uri https://registry.npmjs.org/bootstrap-sass
57 verbose request no auth needed
58 info attempt registry request try #1 at 4:22:09 PM
59 verbose etag W/"59878e67-712a"
60 verbose lastModified Sun, 06 Aug 2017 21:47:19 GMT
61 http request GET https://registry.npmjs.org/bootstrap-sass
62 verbose request uri https://registry.npmjs.org/breakpoint-sass
63 verbose request no auth needed
64 info attempt registry request try #1 at 4:22:09 PM
65 verbose etag W/"593802c9-22c9"
66 verbose lastModified Wed, 07 Jun 2017 13:42:33 GMT
67 http request GET https://registry.npmjs.org/breakpoint-sass
68 verbose request uri https://registry.npmjs.org/sass-flex-mixin
69 verbose request no auth needed
70 info attempt registry request try #1 at 4:22:09 PM
71 verbose etag W/"5734aae1-13c3"
72 verbose lastModified Thu, 12 May 2016 16:10:09 GMT
73 http request GET https://registry.npmjs.org/sass-flex-mixin
74 verbose request uri https://registry.npmjs.org/devicon
75 verbose request no auth needed
76 info attempt registry request try #1 at 4:22:09 PM
77 verbose etag W/"5582602a-13b9"
78 verbose lastModified Thu, 18 Jun 2015 06:07:38 GMT
79 http request GET https://registry.npmjs.org/devicon
80 verbose request uri https://registry.npmjs.org/bootstrap
81 verbose request no auth needed
82 info attempt registry request try #1 at 4:22:09 PM
83 verbose etag W/"59c08abe-e32f"
84 verbose lastModified Tue, 19 Sep 2017 03:10:54 GMT
85 http request GET https://registry.npmjs.org/bootstrap
86 http 304 https://registry.npmjs.org/font-awesome
87 verbose headers { date: 'Tue, 19 Sep 2017 19:22:11 GMT',
87 verbose headers   via: '1.1 varnish',
87 verbose headers   'cache-control': 'max-age=300',
87 verbose headers   etag: 'W/"59bbd2ad-57be"',
87 verbose headers   age: '276',
87 verbose headers   connection: 'keep-alive',
87 verbose headers   'x-served-by': 'cache-gig17029-GIG',
87 verbose headers   'x-cache': 'HIT',
87 verbose headers   'x-cache-hits': '1',
87 verbose headers   'x-timer': 'S1505848931.089229,VS0,VE0',
87 verbose headers   vary: 'Accept-Encoding, Accept' }
88 silly get cb [ 304,
88 silly get   { date: 'Tue, 19 Sep 2017 19:22:11 GMT',
88 silly get     via: '1.1 varnish',
88 silly get     'cache-control': 'max-age=300',
88 silly get     etag: 'W/"59bbd2ad-57be"',
88 silly get     age: '276',
88 silly get     connection: 'keep-alive',
88 silly get     'x-served-by': 'cache-gig17029-GIG',
88 silly get     'x-cache': 'HIT',
88 silly get     'x-cache-hits': '1',
88 silly get     'x-timer': 'S1505848931.089229,VS0,VE0',
88 silly get     vary: 'Accept-Encoding, Accept' } ]
89 verbose etag https://registry.npmjs.org/font-awesome from cache
90 verbose get saving font-awesome to C:\Users\JONES GUIDINI\AppData\Roaming\npm-cache\registry.npmjs.org\font-awesome\.cache.json
91 http 304 https://registry.npmjs.org/bootstrap-sass
92 verbose headers { date: 'Tue, 19 Sep 2017 19:22:11 GMT',
92 verbose headers   via: '1.1 varnish',
92 verbose headers   'cache-control': 'max-age=300',
92 verbose headers   etag: 'W/"59878e67-712a"',
92 verbose headers   age: '275',
92 verbose headers   connection: 'keep-alive',
92 verbose headers   'x-served-by': 'cache-gig17030-GIG',
92 verbose headers   'x-cache': 'HIT',
92 verbose headers   'x-cache-hits': '1',
92 verbose headers   'x-timer': 'S1505848931.092001,VS0,VE0',
92 verbose headers   vary: 'Accept-Encoding, Accept' }
93 silly get cb [ 304,
93 silly get   { date: 'Tue, 19 Sep 2017 19:22:11 GMT',
93 silly get     via: '1.1 varnish',
93 silly get     'cache-control': 'max-age=300',
93 silly get     etag: 'W/"59878e67-712a"',
93 silly get     age: '275',
93 silly get     connection: 'keep-alive',
93 silly get     'x-served-by': 'cache-gig17030-GIG',
93 silly get     'x-cache': 'HIT',
93 silly get     'x-cache-hits': '1',
93 silly get     'x-timer': 'S1505848931.092001,VS0,VE0',
93 silly get     vary: 'Accept-Encoding, Accept' } ]
94 verbose etag https://registry.npmjs.org/bootstrap-sass from cache
95 verbose get saving bootstrap-sass to C:\Users\JONES GUIDINI\AppData\Roaming\npm-cache\registry.npmjs.org\bootstrap-sass\.cache.json
96 http 304 https://registry.npmjs.org/breakpoint-sass
97 verbose headers { date: 'Tue, 19 Sep 2017 19:22:11 GMT',
97 verbose headers   via: '1.1 varnish',
97 verbose headers   'cache-control': 'max-age=300',
97 verbose headers   etag: 'W/"593802c9-22c9"',
97 verbose headers   age: '273',
97 verbose headers   connection: 'keep-alive',
97 verbose headers   'x-served-by': 'cache-gig17032-GIG',
97 verbose headers   'x-cache': 'HIT',
97 verbose headers   'x-cache-hits': '1',
97 verbose headers   'x-timer': 'S1505848931.094557,VS0,VE0',
97 verbose headers   vary: 'Accept-Encoding, Accept' }
98 silly get cb [ 304,
98 silly get   { date: 'Tue, 19 Sep 2017 19:22:11 GMT',
98 silly get     via: '1.1 varnish',
98 silly get     'cache-control': 'max-age=300',
98 silly get     etag: 'W/"593802c9-22c9"',
98 silly get     age: '273',
98 silly get     connection: 'keep-alive',
98 silly get     'x-served-by': 'cache-gig17032-GIG',
98 silly get     'x-cache': 'HIT',
98 silly get     'x-cache-hits': '1',
98 silly get     'x-timer': 'S1505848931.094557,VS0,VE0',
98 silly get     vary: 'Accept-Encoding, Accept' } ]
99 verbose etag https://registry.npmjs.org/breakpoint-sass from cache
100 verbose get saving breakpoint-sass to C:\Users\JONES GUIDINI\AppData\Roaming\npm-cache\registry.npmjs.org\breakpoint-sass\.cache.json
101 http 304 https://registry.npmjs.org/sass-flex-mixin
102 verbose headers { date: 'Tue, 19 Sep 2017 19:22:11 GMT',
102 verbose headers   via: '1.1 varnish',
102 verbose headers   'cache-control': 'max-age=300',
102 verbose headers   etag: 'W/"5734aae1-13c3"',
102 verbose headers   age: '276',
102 verbose headers   connection: 'keep-alive',
102 verbose headers   'x-served-by': 'cache-gig17027-GIG',
102 verbose headers   'x-cache': 'HIT',
102 verbose headers   'x-cache-hits': '1',
102 verbose headers   'x-timer': 'S1505848931.099864,VS0,VE0',
102 verbose headers   vary: 'Accept-Encoding, Accept' }
103 silly get cb [ 304,
103 silly get   { date: 'Tue, 19 Sep 2017 19:22:11 GMT',
103 silly get     via: '1.1 varnish',
103 silly get     'cache-control': 'max-age=300',
103 silly get     etag: 'W/"5734aae1-13c3"',
103 silly get     age: '276',
103 silly get     connection: 'keep-alive',
103 silly get     'x-served-by': 'cache-gig17027-GIG',
103 silly get     'x-cache': 'HIT',
103 silly get     'x-cache-hits': '1',
103 silly get     'x-timer': 'S1505848931.099864,VS0,VE0',
103 silly get     vary: 'Accept-Encoding, Accept' } ]
104 verbose etag https://registry.npmjs.org/sass-flex-mixin from cache
105 verbose get saving sass-flex-mixin to C:\Users\JONES GUIDINI\AppData\Roaming\npm-cache\registry.npmjs.org\sass-flex-mixin\.cache.json
106 http 304 https://registry.npmjs.org/devicon
107 verbose headers { date: 'Tue, 19 Sep 2017 19:22:11 GMT',
107 verbose headers   via: '1.1 varnish',
107 verbose headers   'cache-control': 'max-age=300',
107 verbose headers   etag: 'W/"5582602a-13b9"',
107 verbose headers   age: '276',
107 verbose headers   connection: 'keep-alive',
107 verbose headers   'x-served-by': 'cache-gig17021-GIG',
107 verbose headers   'x-cache': 'HIT',
107 verbose headers   'x-cache-hits': '1',
107 verbose headers   'x-timer': 'S1505848931.104981,VS0,VE0',
107 verbose headers   vary: 'Accept-Encoding, Accept' }
108 silly get cb [ 304,
108 silly get   { date: 'Tue, 19 Sep 2017 19:22:11 GMT',
108 silly get     via: '1.1 varnish',
108 silly get     'cache-control': 'max-age=300',
108 silly get     etag: 'W/"5582602a-13b9"',
108 silly get     age: '276',
108 silly get     connection: 'keep-alive',
108 silly get     'x-served-by': 'cache-gig17021-GIG',
108 silly get     'x-cache': 'HIT',
108 silly get     'x-cache-hits': '1',
108 silly get     'x-timer': 'S1505848931.104981,VS0,VE0',
108 silly get     vary: 'Accept-Encoding, Accept' } ]
109 verbose etag https://registry.npmjs.org/devicon from cache
110 verbose get saving devicon to C:\Users\JONES GUIDINI\AppData\Roaming\npm-cache\registry.npmjs.org\devicon\.cache.json
111 http 304 https://registry.npmjs.org/bootstrap
112 verbose headers { date: 'Tue, 19 Sep 2017 19:22:11 GMT',
112 verbose headers   via: '1.1 varnish',
112 verbose headers   'cache-control': 'max-age=300',
112 verbose headers   etag: 'W/"59c08abe-e32f"',
112 verbose headers   age: '2',
112 verbose headers   connection: 'keep-alive',
112 verbose headers   'x-served-by': 'cache-gig17034-GIG',
112 verbose headers   'x-cache': 'HIT',
112 verbose headers   'x-cache-hits': '2',
112 verbose headers   'x-timer': 'S1505848931.116462,VS0,VE0',
112 verbose headers   vary: 'Accept-Encoding, Accept' }
113 silly get cb [ 304,
113 silly get   { date: 'Tue, 19 Sep 2017 19:22:11 GMT',
113 silly get     via: '1.1 varnish',
113 silly get     'cache-control': 'max-age=300',
113 silly get     etag: 'W/"59c08abe-e32f"',
113 silly get     age: '2',
113 silly get     connection: 'keep-alive',
113 silly get     'x-served-by': 'cache-gig17034-GIG',
113 silly get     'x-cache': 'HIT',
113 silly get     'x-cache-hits': '2',
113 silly get     'x-timer': 'S1505848931.116462,VS0,VE0',
113 silly get     vary: 'Accept-Encoding, Accept' } ]
114 verbose etag https://registry.npmjs.org/bootstrap from cache
115 verbose get saving bootstrap to C:\Users\JONES GUIDINI\AppData\Roaming\npm-cache\registry.npmjs.org\bootstrap\.cache.json
116 silly resolveWithNewModule font-awesome@4.7.0 checking installable status
117 silly cache add args [ 'font-awesome@^4.7.0', null ]
118 verbose cache add spec font-awesome@^4.7.0
119 silly cache add parsed spec Result {
119 silly cache add   raw: 'font-awesome@^4.7.0',
119 silly cache add   scope: null,
119 silly cache add   name: 'font-awesome',
119 silly cache add   rawSpec: '^4.7.0',
119 silly cache add   spec: '>=4.7.0-0 <5.0.0-0',
119 silly cache add   type: 'range' }
120 silly addNamed font-awesome@>=4.7.0-0 <5.0.0-0
121 verbose addNamed ">=4.7.0-0 <5.0.0-0" is a valid semver range for font-awesome
122 silly addNameRange { name: 'font-awesome',
122 silly addNameRange   range: '>=4.7.0-0 <5.0.0-0',
122 silly addNameRange   hasData: false }
123 silly mapToRegistry name font-awesome
124 silly mapToRegistry using default registry
125 silly mapToRegistry registry https://registry.npmjs.org/
126 silly mapToRegistry uri https://registry.npmjs.org/font-awesome
127 verbose addNameRange registry:https://registry.npmjs.org/font-awesome not in flight; fetching
128 silly resolveWithNewModule bootstrap-sass@3.3.7 checking installable status
129 silly cache add args [ 'bootstrap-sass@^3.3.7', null ]
130 verbose cache add spec bootstrap-sass@^3.3.7
131 silly cache add parsed spec Result {
131 silly cache add   raw: 'bootstrap-sass@^3.3.7',
131 silly cache add   scope: null,
131 silly cache add   name: 'bootstrap-sass',
131 silly cache add   rawSpec: '^3.3.7',
131 silly cache add   spec: '>=3.3.7-0 <4.0.0-0',
131 silly cache add   type: 'range' }
132 silly addNamed bootstrap-sass@>=3.3.7-0 <4.0.0-0
133 verbose addNamed ">=3.3.7-0 <4.0.0-0" is a valid semver range for bootstrap-sass
134 silly addNameRange { name: 'bootstrap-sass',
134 silly addNameRange   range: '>=3.3.7-0 <4.0.0-0',
134 silly addNameRange   hasData: false }
135 silly mapToRegistry name bootstrap-sass
136 silly mapToRegistry using default registry
137 silly mapToRegistry registry https://registry.npmjs.org/
138 silly mapToRegistry uri https://registry.npmjs.org/bootstrap-sass
139 verbose addNameRange registry:https://registry.npmjs.org/bootstrap-sass not in flight; fetching
140 silly resolveWithNewModule breakpoint-sass@2.7.1 checking installable status
141 silly cache add args [ 'breakpoint-sass@^2.7.1', null ]
142 verbose cache add spec breakpoint-sass@^2.7.1
143 silly cache add parsed spec Result {
143 silly cache add   raw: 'breakpoint-sass@^2.7.1',
143 silly cache add   scope: null,
143 silly cache add   name: 'breakpoint-sass',
143 silly cache add   rawSpec: '^2.7.1',
143 silly cache add   spec: '>=2.7.1-0 <3.0.0-0',
143 silly cache add   type: 'range' }
144 silly addNamed breakpoint-sass@>=2.7.1-0 <3.0.0-0
145 verbose addNamed ">=2.7.1-0 <3.0.0-0" is a valid semver range for breakpoint-sass
146 silly addNameRange { name: 'breakpoint-sass',
146 silly addNameRange   range: '>=2.7.1-0 <3.0.0-0',
146 silly addNameRange   hasData: false }
147 silly mapToRegistry name breakpoint-sass
148 silly mapToRegistry using default registry
149 silly mapToRegistry registry https://registry.npmjs.org/
150 silly mapToRegistry uri https://registry.npmjs.org/breakpoint-sass
151 verbose addNameRange registry:https://registry.npmjs.org/breakpoint-sass not in flight; fetching
152 silly resolveWithNewModule sass-flex-mixin@1.0.3 checking installable status
153 silly cache add args [ 'sass-flex-mixin@^1.0.3', null ]
154 verbose cache add spec sass-flex-mixin@^1.0.3
155 silly cache add parsed spec Result {
155 silly cache add   raw: 'sass-flex-mixin@^1.0.3',
155 silly cache add   scope: null,
155 silly cache add   name: 'sass-flex-mixin',
155 silly cache add   rawSpec: '^1.0.3',
155 silly cache add   spec: '>=1.0.3-0 <2.0.0-0',
155 silly cache add   type: 'range' }
156 silly addNamed sass-flex-mixin@>=1.0.3-0 <2.0.0-0
157 verbose addNamed ">=1.0.3-0 <2.0.0-0" is a valid semver range for sass-flex-mixin
158 silly addNameRange { name: 'sass-flex-mixin',
158 silly addNameRange   range: '>=1.0.3-0 <2.0.0-0',
158 silly addNameRange   hasData: false }
159 silly mapToRegistry name sass-flex-mixin
160 silly mapToRegistry using default registry
161 silly mapToRegistry registry https://registry.npmjs.org/
162 silly mapToRegistry uri https://registry.npmjs.org/sass-flex-mixin
163 verbose addNameRange registry:https://registry.npmjs.org/sass-flex-mixin not in flight; fetching
164 silly resolveWithNewModule devicon@2.0.0 checking installable status
165 silly cache add args [ 'devicon@*', null ]
166 verbose cache add spec devicon@*
167 silly cache add parsed spec Result {
167 silly cache add   raw: 'devicon@*',
167 silly cache add   scope: null,
167 silly cache add   name: 'devicon',
167 silly cache add   rawSpec: '*',
167 silly cache add   spec: '*',
167 silly cache add   type: 'range' }
168 silly addNamed devicon@*
169 verbose addNamed "*" is a valid semver range for devicon
170 silly addNameRange { name: 'devicon', range: '*', hasData: false }
171 silly mapToRegistry name devicon
172 silly mapToRegistry using default registry
173 silly mapToRegistry registry https://registry.npmjs.org/
174 silly mapToRegistry uri https://registry.npmjs.org/devicon
175 verbose addNameRange registry:https://registry.npmjs.org/devicon not in flight; fetching
176 silly fetchPackageMetaData Error: No compatible version found: bootstrap@boostrap#^3.3.7
176 silly fetchPackageMetaData Valid install targets:
176 silly fetchPackageMetaData ["4.0.0-beta","4.0.0-alpha.6","4.0.0-alpha.5","4.0.0-alpha.4","4.0.0-alpha.3","4.0.0-alpha.2","3.3.7","3.3.6","3.3.5","3.3.4","3.3.2","3.3.1","3.3.0","3.2.0","3.1.1","0.0.2","0.0.1"]
176 silly fetchPackageMetaData
176 silly fetchPackageMetaData     at pickVersionFromRegistryDocument (C:\Program Files (x86)\Microsoft Visual Studio\2017\Community\Web\External\node_modules\npm\lib\fetch-package-metadata.js:146:16)
176 silly fetchPackageMetaData     at C:\Program Files (x86)\Microsoft Visual Studio\2017\Community\Web\External\node_modules\iferr\index.js:13:50
176 silly fetchPackageMetaData     at C:\Program Files (x86)\Microsoft Visual Studio\2017\Community\Web\External\node_modules\npm\lib\utils\pulse-till-done.js:19:8
176 silly fetchPackageMetaData     at saved (C:\Program Files (x86)\Microsoft Visual Studio\2017\Community\Web\External\node_modules\npm\lib\cache\caching-client.js:168:7)
176 silly fetchPackageMetaData     at C:\Program Files (x86)\Microsoft Visual Studio\2017\Community\Web\External\node_modules\npm\node_modules\graceful-fs\polyfills.js:210:7
176 silly fetchPackageMetaData     at FSReqWrap.oncomplete (fs.js:82:15)
176 silly fetchPackageMetaData  error for bootstrap@boostrap#^3.3.7 [Error: No compatible version found: bootstrap@boostrap#^3.3.7
176 silly fetchPackageMetaData Valid install targets:
176 silly fetchPackageMetaData ["4.0.0-beta","4.0.0-alpha.6","4.0.0-alpha.5","4.0.0-alpha.4","4.0.0-alpha.3","4.0.0-alpha.2","3.3.7","3.3.6","3.3.5","3.3.4","3.3.2","3.3.1","3.3.0","3.2.0","3.1.1","0.0.2","0.0.1"]
176 silly fetchPackageMetaData ]
177 verbose get https://registry.npmjs.org/font-awesome not expired, no request
178 silly addNameRange number 2 { name: 'font-awesome',
178 silly addNameRange   range: '>=4.7.0-0 <5.0.0-0',
178 silly addNameRange   hasData: true }
179 silly addNameRange versions [ 'font-awesome',
179 silly addNameRange   [ '3.2.1',
179 silly addNameRange     '4.0.3',
179 silly addNameRange     '4.1.0',
179 silly addNameRange     '4.2.0',
179 silly addNameRange     '4.3.0',
179 silly addNameRange     '4.4.0',
179 silly addNameRange     '4.5.0',
179 silly addNameRange     '4.6.1',
179 silly addNameRange     '4.6.3',
179 silly addNameRange     '4.7.0' ] ]
180 silly addNamed font-awesome@4.7.0
181 verbose addNamed "4.7.0" is a plain semver version for font-awesome
182 verbose get https://registry.npmjs.org/bootstrap-sass not expired, no request
183 silly addNameRange number 2 { name: 'bootstrap-sass',
183 silly addNameRange   range: '>=3.3.7-0 <4.0.0-0',
183 silly addNameRange   hasData: true }
184 silly addNameRange versions [ 'bootstrap-sass',
184 silly addNameRange   [ '2.3.2',
184 silly addNameRange     '3.1.1',
184 silly addNameRange     '3.2.0',
184 silly addNameRange     '3.3.0',
184 silly addNameRange     '3.3.1',
184 silly addNameRange     '3.3.2',
184 silly addNameRange     '3.3.3',
184 silly addNameRange     '3.3.4',
184 silly addNameRange     '3.3.5',
184 silly addNameRange     '3.3.6',
184 silly addNameRange     '3.3.7' ] ]
185 silly addNamed bootstrap-sass@3.3.7
186 verbose addNamed "3.3.7" is a plain semver version for bootstrap-sass
187 verbose get https://registry.npmjs.org/breakpoint-sass not expired, no request
188 silly addNameRange number 2 { name: 'breakpoint-sass',
188 silly addNameRange   range: '>=2.7.1-0 <3.0.0-0',
188 silly addNameRange   hasData: true }
189 silly addNameRange versions [ 'breakpoint-sass', [ '2.6.1', '2.7.0', '2.7.1' ] ]
190 silly addNamed breakpoint-sass@2.7.1
191 verbose addNamed "2.7.1" is a plain semver version for breakpoint-sass
192 verbose get https://registry.npmjs.org/sass-flex-mixin not expired, no request
193 silly addNameRange number 2 { name: 'sass-flex-mixin',
193 silly addNameRange   range: '>=1.0.3-0 <2.0.0-0',
193 silly addNameRange   hasData: true }
194 silly addNameRange versions [ 'sass-flex-mixin', [ '1.0.0', '1.0.2', '1.0.3' ] ]
195 silly addNamed sass-flex-mixin@1.0.3
196 verbose addNamed "1.0.3" is a plain semver version for sass-flex-mixin
197 verbose get https://registry.npmjs.org/devicon not expired, no request
198 silly addNameRange number 2 { name: 'devicon', range: '*', hasData: true }
199 silly addNameRange versions [ 'devicon', [ '2.0.0' ] ]
200 silly addNamed devicon@2.0.0
201 verbose addNamed "2.0.0" is a plain semver version for devicon
202 silly cache afterAdd font-awesome@4.7.0
203 verbose afterAdd C:\Users\JONES GUIDINI\AppData\Roaming\npm-cache\font-awesome\4.7.0\package\package.json not in flight; writing
204 silly cache afterAdd bootstrap-sass@3.3.7
205 verbose afterAdd C:\Users\JONES GUIDINI\AppData\Roaming\npm-cache\bootstrap-sass\3.3.7\package\package.json not in flight; writing
206 silly cache afterAdd breakpoint-sass@2.7.1
207 verbose afterAdd C:\Users\JONES GUIDINI\AppData\Roaming\npm-cache\breakpoint-sass\2.7.1\package\package.json not in flight; writing
208 silly cache afterAdd sass-flex-mixin@1.0.3
209 verbose afterAdd C:\Users\JONES GUIDINI\AppData\Roaming\npm-cache\sass-flex-mixin\1.0.3\package\package.json not in flight; writing
210 silly cache afterAdd devicon@2.0.0
211 verbose afterAdd C:\Users\JONES GUIDINI\AppData\Roaming\npm-cache\devicon\2.0.0\package\package.json not in flight; writing
212 verbose afterAdd C:\Users\JONES GUIDINI\AppData\Roaming\npm-cache\font-awesome\4.7.0\package\package.json written
213 verbose afterAdd C:\Users\JONES GUIDINI\AppData\Roaming\npm-cache\bootstrap-sass\3.3.7\package\package.json written
214 verbose afterAdd C:\Users\JONES GUIDINI\AppData\Roaming\npm-cache\breakpoint-sass\2.7.1\package\package.json written
215 verbose afterAdd C:\Users\JONES GUIDINI\AppData\Roaming\npm-cache\sass-flex-mixin\1.0.3\package\package.json written
216 verbose afterAdd C:\Users\JONES GUIDINI\AppData\Roaming\npm-cache\devicon\2.0.0\package\package.json written
217 silly rollbackFailedOptional Starting
218 silly rollbackFailedOptional Finishing
219 silly runTopLevelLifecycles Starting
220 silly runTopLevelLifecycles Finishing
221 silly install printInstalled
222 verbose stack Error: No compatible version found: bootstrap@boostrap#^3.3.7
222 verbose stack Valid install targets:
222 verbose stack ["4.0.0-beta","4.0.0-alpha.6","4.0.0-alpha.5","4.0.0-alpha.4","4.0.0-alpha.3","4.0.0-alpha.2","3.3.7","3.3.6","3.3.5","3.3.4","3.3.2","3.3.1","3.3.0","3.2.0","3.1.1","0.0.2","0.0.1"]
222 verbose stack
222 verbose stack     at pickVersionFromRegistryDocument (C:\Program Files (x86)\Microsoft Visual Studio\2017\Community\Web\External\node_modules\npm\lib\fetch-package-metadata.js:146:16)
222 verbose stack     at C:\Program Files (x86)\Microsoft Visual Studio\2017\Community\Web\External\node_modules\iferr\index.js:13:50
222 verbose stack     at C:\Program Files (x86)\Microsoft Visual Studio\2017\Community\Web\External\node_modules\npm\lib\utils\pulse-till-done.js:19:8
222 verbose stack     at saved (C:\Program Files (x86)\Microsoft Visual Studio\2017\Community\Web\External\node_modules\npm\lib\cache\caching-client.js:168:7)
222 verbose stack     at C:\Program Files (x86)\Microsoft Visual Studio\2017\Community\Web\External\node_modules\npm\node_modules\graceful-fs\polyfills.js:210:7
222 verbose stack     at FSReqWrap.oncomplete (fs.js:82:15)
223 verbose cwd D:\PROJETOS\JONESGUIDINI.COM\SITE 2017\APP - ASP MVC\JG-2017\JG-2017
224 error Windows_NT 10.0.14393
225 error argv "C:\\Program Files (x86)\\Microsoft Visual Studio\\2017\\Community\\Web\\External\\Node.exe" "C:\\Program Files (x86)\\Microsoft Visual Studio\\2017\\Community\\Web\\External\\node_modules\\npm\\bin\\npm-cli.js" "install"
226 error node v5.4.1
227 error npm  v3.3.4
228 error No compatible version found: bootstrap@boostrap#^3.3.7
228 error Valid install targets:
228 error ["4.0.0-beta","4.0.0-alpha.6","4.0.0-alpha.5","4.0.0-alpha.4","4.0.0-alpha.3","4.0.0-alpha.2","3.3.7","3.3.6","3.3.5","3.3.4","3.3.2","3.3.1","3.3.0","3.2.0","3.1.1","0.0.2","0.0.1"]
229 error If you need help, you may report this error at:
229 error     <https://github.com/npm/npm/issues>
230 verbose exit [ 1, true ]
